<?xml version="1.0" encoding="UTF-8"?>
<testsuite xmlns:xsi="http://www.w3.org/2001/XMLSchema-instance" xsi:noNamespaceSchemaLocation="https://maven.apache.org/surefire/maven-surefire-plugin/xsd/surefire-test-report-3.0.xsd" version="3.0" name="com.anty.credit.service.CreditCalculatorServiceTest" time="0.034" tests="8" errors="0" skipped="0" failures="0">
  <properties>
[...]
</properties>
  <testcase name="testCalculate_ShouldAlwaysBePositive" classname="com.anty.credit.service.CreditCalculatorServiceTest" time="0.005"/>
  <testcase name="testCalculate_Tenor3Years" classname="com.anty.credit.service.CreditCalculatorServiceTest" time="0.002"/>
  <testcase name="testCalculate_LargeAmount" classname="com.anty.credit.service.CreditCalculatorServiceTest" time="0.001"/>
  <testcase name="testCalculate_Tenor6Years" classname="com.anty.credit.service.CreditCalculatorServiceTest" time="0.002"/>
  <testcase name="testCalculate_SmallAmount" classname="com.anty.credit.service.CreditCalculatorServiceTest" time="0.001"/>
  <testcase name="testCalculate_Tenor1Year" classname="com.anty.credit.service.CreditCalculatorServiceTest" time="0.001"/>
  <testcase name="testCalculate_DifferentRates" classname="com.anty.credit.service.CreditCalculatorServiceTest" time="0.004"/>
  <testcase name="testCalculate_MonthlyIncreaseWithLongerTenor" classname="com.anty.credit.service.CreditCalculatorServiceTest" time="0.003"/>
</testsuite>